<?xml version="1.0" encoding="UTF-8"?>
<testng-results skipped="0" failed="0" ignored="0" total="1" passed="1">
  <reporter-output>
  </reporter-output>
  <suite name="Default suite" duration-ms="1674" started-at="2020-08-25T16:18:39 IST" finished-at="2020-08-25T16:18:41 IST">
    <groups>
    </groups>
    <test name="Default test" duration-ms="1674" started-at="2020-08-25T16:18:39 IST" finished-at="2020-08-25T16:18:41 IST">
      <class name="com.qa.tests.PostAPITest">
        <test-method status="PASS" signature="setUp()[pri:0, instance:com.qa.tests.PostAPITest@578486a3]" name="setUp" is-config="true" duration-ms="4" started-at="2020-08-25T16:18:39 IST" finished-at="2020-08-25T16:18:39 IST">
          <reporter-output>
          </reporter-output>
        </test-method> <!-- setUp -->
        <test-method status="PASS" signature="postAPITest()[pri:0, instance:com.qa.tests.PostAPITest@578486a3]" name="postAPITest" duration-ms="1639" started-at="2020-08-25T16:18:39 IST" finished-at="2020-08-25T16:18:41 IST">
          <reporter-output>
          </reporter-output>
        </test-method> <!-- postAPITest -->
      </class> <!-- com.qa.tests.PostAPITest -->
    </test> <!-- Default test -->
  </suite> <!-- Default suite -->
</testng-results>
